v8-version,6,1,534,42,0
new,CodeRange,000002C879800000,536870912
new,MemoryChunk,000001396B900000,524288
new,MemoryChunk,00000261FB100000,524288
heap-capacity,1031168
heap-available,1501010432
new,MemoryChunk,000002C879880000,524288
new,MemoryChunk,000002C879900000,524288
new,MemoryChunk,000002C879980000,524288
new,MemoryChunk,000002E23CF80000,524288
new,MemoryChunk,000002C879A00000,524288
new,MemoryChunk,000002C879A80000,524288
new,MemoryChunk,000002C879B00000,524288
new,MemoryChunk,0000036DC4380000,524288
new,MemoryChunk,000003A84BE00000,524288
new,MemoryChunk,000001D405780000,524288
new,MemoryChunk,000002C879B80000,524288
new,MemoryChunk,0000021373500000,524288
check-maps-depth,1
check-maps-depth,1
check-maps-depth,1
check-maps-depth,1
check-maps-depth,1
check-maps-depth,1
check-maps-depth,1
check-maps-depth,1
check-maps-depth,1
check-maps-depth,1
check-maps-depth,1
new,MemoryChunk,0000027015A80000,524288
new,MemoryChunk,00000341AC100000,524288
scavenge,begin,0,78125,1521198380945
scavenge,end,0,93750,1521198380945
check-maps-depth,1
scavenge,begin,0,93750,1521198380954
new,MemoryChunk,0000027533380000,524288
new,MemoryChunk,00000143FCE80000,524288
scavenge,end,0,93750,1521198380955
check-maps-depth,1
new,MemoryChunk,000001D597D00000,524288
